<?xml version="1.0" encoding="UTF-8"?>
<testng-results skipped="0" failed="0" total="7" passed="7">
  <reporter-output>
  </reporter-output>
  <suite name="Suite" duration-ms="33381" started-at="2017-04-15T07:39:14Z" finished-at="2017-04-15T07:39:47Z">
    <groups>
    </groups>
    <test name="Test" duration-ms="33381" started-at="2017-04-15T07:39:14Z" finished-at="2017-04-15T07:39:47Z">
      <class name="script.AddUser">
        <test-method status="PASS" signature="invalidLoginBlankPassword()[pri:1, instance:script.AddUser@53dbe163]" name="invalidLoginBlankPassword" duration-ms="5814" started-at="2017-04-15T01:39:14Z" finished-at="2017-04-15T01:39:20Z">
          <reporter-output>
          </reporter-output>
        </test-method> <!-- invalidLoginBlankPassword -->
        <test-method status="PASS" signature="invalidLoginBlankUsername()[pri:2, instance:script.AddUser@53dbe163]" name="invalidLoginBlankUsername" duration-ms="4694" started-at="2017-04-15T01:39:20Z" finished-at="2017-04-15T01:39:24Z">
          <reporter-output>
          </reporter-output>
        </test-method> <!-- invalidLoginBlankUsername -->
        <test-method status="PASS" signature="invalidloginBlank()[pri:3, instance:script.AddUser@53dbe163]" name="invalidloginBlank" duration-ms="4692" started-at="2017-04-15T01:39:24Z" finished-at="2017-04-15T01:39:29Z">
          <reporter-output>
          </reporter-output>
        </test-method> <!-- invalidloginBlank -->
        <test-method status="PASS" signature="ivalidLoginWrongPassword()[pri:4, instance:script.AddUser@53dbe163]" name="ivalidLoginWrongPassword" duration-ms="4979" started-at="2017-04-15T01:39:29Z" finished-at="2017-04-15T01:39:34Z">
          <reporter-output>
          </reporter-output>
        </test-method> <!-- ivalidLoginWrongPassword -->
        <test-method status="PASS" signature="ivalidLoginWrongUsername()[pri:5, instance:script.AddUser@53dbe163]" name="ivalidLoginWrongUsername" duration-ms="4459" started-at="2017-04-15T01:39:34Z" finished-at="2017-04-15T01:39:38Z">
          <reporter-output>
          </reporter-output>
        </test-method> <!-- ivalidLoginWrongUsername -->
        <test-method status="PASS" signature="ivalidLogin()[pri:6, instance:script.AddUser@53dbe163]" name="ivalidLogin" duration-ms="4251" started-at="2017-04-15T01:39:38Z" finished-at="2017-04-15T01:39:43Z">
          <reporter-output>
          </reporter-output>
        </test-method> <!-- ivalidLogin -->
        <test-method status="PASS" signature="login()[pri:7, instance:script.AddUser@53dbe163]" name="login" duration-ms="4357" started-at="2017-04-15T01:39:43Z" finished-at="2017-04-15T01:39:47Z">
          <reporter-output>
          </reporter-output>
        </test-method> <!-- login -->
        <test-method status="PASS" signature="teardown()[pri:0, instance:script.AddUser@53dbe163]" name="teardown" is-config="true" duration-ms="123" started-at="2017-04-15T01:39:47Z" finished-at="2017-04-15T01:39:47Z">
          <reporter-output>
          </reporter-output>
        </test-method> <!-- teardown -->
      </class> <!-- script.AddUser -->
    </test> <!-- Test -->
  </suite> <!-- Suite -->
</testng-results>
