<?xml version="1.0" encoding="UTF-8"?>
<!-- Generated by org.testng.reporters.JUnitXMLReporter -->
<testsuite hostname="DESKTOP-PTMO5IP" name="Default test" tests="7" failures="0" timestamp="14 Apr 2017 22:18:32 GMT" time="34.779" errors="0">
  <testcase name="invalidLoginBlankPassword" time="5.77" classname="script.AddUser"/>
  <testcase name="invalidLoginBlankUsername" time="4.856" classname="script.AddUser"/>
  <testcase name="invalidloginBlank" time="4.961" classname="script.AddUser"/>
  <testcase name="ivalidLoginWrongPassword" time="5.135" classname="script.AddUser"/>
  <testcase name="ivalidLoginWrongUsername" time="4.663" classname="script.AddUser"/>
  <testcase name="ivalidLogin" time="4.486" classname="script.AddUser"/>
  <testcase name="login" time="4.714" classname="script.AddUser"/>
</testsuite> <!-- Default test -->
