<?xml version="1.0" encoding="UTF-8"?>
<!-- Generated by org.testng.reporters.JUnitXMLReporter -->
<testsuite hostname="DESKTOP-PTMO5IP" name="Test" tests="7" failures="0" timestamp="15 Apr 2017 07:39:47 GMT" time="33.381" errors="0">
  <testcase name="invalidLoginBlankPassword" time="5.814" classname="script.AddUser"/>
  <testcase name="invalidLoginBlankUsername" time="4.694" classname="script.AddUser"/>
  <testcase name="invalidloginBlank" time="4.692" classname="script.AddUser"/>
  <testcase name="ivalidLoginWrongPassword" time="4.979" classname="script.AddUser"/>
  <testcase name="ivalidLoginWrongUsername" time="4.459" classname="script.AddUser"/>
  <testcase name="ivalidLogin" time="4.251" classname="script.AddUser"/>
  <testcase name="login" time="4.357" classname="script.AddUser"/>
</testsuite> <!-- Test -->
