<?xml version="1.0" encoding="UTF-8"?>
<!-- Generated by org.testng.reporters.JUnitXMLReporter -->
<testsuite hostname="DESKTOP-PTMO5IP" name="Test" tests="7" failures="0" timestamp="15 Apr 2017 05:12:05 GMT" time="34.058" errors="0">
  <testcase name="invalidLoginBlankPassword" time="5.91" classname="script.AddUser"/>
  <testcase name="invalidLoginBlankUsername" time="5.123" classname="script.AddUser"/>
  <testcase name="invalidloginBlank" time="4.74" classname="script.AddUser"/>
  <testcase name="ivalidLoginWrongPassword" time="5.029" classname="script.AddUser"/>
  <testcase name="ivalidLoginWrongUsername" time="4.41" classname="script.AddUser"/>
  <testcase name="ivalidLogin" time="4.405" classname="script.AddUser"/>
  <testcase name="login" time="4.361" classname="script.AddUser"/>
</testsuite> <!-- Test -->
