<?xml version="1.0" encoding="UTF-8"?>
<testng-results skipped="0" failed="0" total="7" passed="7">
  <reporter-output>
  </reporter-output>
  <suite name="Suite" duration-ms="33555" started-at="2017-04-15T05:09:04Z" finished-at="2017-04-15T05:09:37Z">
    <groups>
    </groups>
    <test name="Test" duration-ms="33555" started-at="2017-04-15T05:09:04Z" finished-at="2017-04-15T05:09:37Z">
      <class name="script.AddUser">
        <test-method status="PASS" signature="invalidLoginBlankPassword()[pri:1, instance:script.AddUser@49d3c823]" name="invalidLoginBlankPassword" duration-ms="5794" started-at="2017-04-14T23:09:04Z" finished-at="2017-04-14T23:09:10Z">
          <reporter-output>
          </reporter-output>
        </test-method> <!-- invalidLoginBlankPassword -->
        <test-method status="PASS" signature="invalidLoginBlankUsername()[pri:2, instance:script.AddUser@49d3c823]" name="invalidLoginBlankUsername" duration-ms="4815" started-at="2017-04-14T23:09:10Z" finished-at="2017-04-14T23:09:15Z">
          <reporter-output>
          </reporter-output>
        </test-method> <!-- invalidLoginBlankUsername -->
        <test-method status="PASS" signature="invalidloginBlank()[pri:3, instance:script.AddUser@49d3c823]" name="invalidloginBlank" duration-ms="4750" started-at="2017-04-14T23:09:15Z" finished-at="2017-04-14T23:09:19Z">
          <reporter-output>
          </reporter-output>
        </test-method> <!-- invalidloginBlank -->
        <test-method status="PASS" signature="ivalidLoginWrongPassword()[pri:4, instance:script.AddUser@49d3c823]" name="ivalidLoginWrongPassword" duration-ms="4935" started-at="2017-04-14T23:09:19Z" finished-at="2017-04-14T23:09:24Z">
          <reporter-output>
          </reporter-output>
        </test-method> <!-- ivalidLoginWrongPassword -->
        <test-method status="PASS" signature="ivalidLoginWrongUsername()[pri:5, instance:script.AddUser@49d3c823]" name="ivalidLoginWrongUsername" duration-ms="4412" started-at="2017-04-14T23:09:24Z" finished-at="2017-04-14T23:09:29Z">
          <reporter-output>
          </reporter-output>
        </test-method> <!-- ivalidLoginWrongUsername -->
        <test-method status="PASS" signature="ivalidLogin()[pri:6, instance:script.AddUser@49d3c823]" name="ivalidLogin" duration-ms="4373" started-at="2017-04-14T23:09:29Z" finished-at="2017-04-14T23:09:33Z">
          <reporter-output>
          </reporter-output>
        </test-method> <!-- ivalidLogin -->
        <test-method status="PASS" signature="login()[pri:7, instance:script.AddUser@49d3c823]" name="login" duration-ms="4363" started-at="2017-04-14T23:09:33Z" finished-at="2017-04-14T23:09:37Z">
          <reporter-output>
          </reporter-output>
        </test-method> <!-- login -->
        <test-method status="PASS" signature="teardown()[pri:0, instance:script.AddUser@49d3c823]" name="teardown" is-config="true" duration-ms="81" started-at="2017-04-14T23:09:37Z" finished-at="2017-04-14T23:09:37Z">
          <reporter-output>
          </reporter-output>
        </test-method> <!-- teardown -->
      </class> <!-- script.AddUser -->
    </test> <!-- Test -->
  </suite> <!-- Suite -->
</testng-results>
